<?xml version="1.0" encoding="UTF-8"?>
<!-- Generated by org.testng.reporters.JUnitReportReporter -->
<testsuite skipped="0" hostname="WKWIN5037064" name="com.fca.prod.jeep.testCases.loginPageTest" tests="2" failures="0" timestamp="26 Aug 2019 03:10:01 GMT" time="94.468" errors="0">
  <testcase name="verifyTitle" time="25.030" classname="com.fca.prod.jeep.testCases.loginPageTest"/>
  <testcase name="registerNewUser" time="69.438" classname="com.fca.prod.jeep.testCases.loginPageTest"/>
</testsuite> <!-- com.fca.prod.jeep.testCases.loginPageTest -->
