<?xml version="1.0" encoding="UTF-8"?>
<!-- Generated by org.testng.reporters.JUnitReportReporter -->
<testsuite skipped="0" hostname="WKWIN5037064" name="com.fca.prod.jeep.testCases.brochurePageTest" tests="2" failures="0" timestamp="17 Oct 2019 05:06:53 GMT" time="51.680" errors="0">
  <testcase name="verifyBrochureDetails" time="28.315" classname="com.fca.prod.jeep.testCases.brochurePageTest"/>
  <testcase name="verifyBrochureDetails" time="23.365" classname="com.fca.prod.jeep.testCases.brochurePageTest"/>
</testsuite> <!-- com.fca.prod.jeep.testCases.brochurePageTest -->
