<?xml version="1.0" encoding="UTF-8"?>
<!-- Generated by org.testng.reporters.JUnitReportReporter -->
<testsuite skipped="1" hostname="WKWIN5037064" name="com.fca.prod.jeep.testCases.testDrivePageTest" tests="3" failures="0" timestamp="13 Sep 2019 14:32:18 GMT" time="21.230" errors="0">
  <testcase name="testDriveTitle" time="7.088" classname="com.fca.prod.jeep.testCases.testDrivePageTest"/>
  <testcase name="verifyheader" time="14.142" classname="com.fca.prod.jeep.testCases.testDrivePageTest"/>
  <testcase name="TestRegisterTestDriveDetails" time="0.000" classname="com.fca.prod.jeep.testCases.testDrivePageTest">
    <skipped/>
  </testcase> <!-- TestRegisterTestDriveDetails -->
</testsuite> <!-- com.fca.prod.jeep.testCases.testDrivePageTest -->
