<?xml version="1.0" encoding="UTF-8"?>
<!-- Generated by org.testng.reporters.JUnitReportReporter -->
<testsuite skipped="0" hostname="WKWIN5037064" name="com.fca.prod.jeep.testCases.homePageTest" tests="1" failures="0" timestamp="24 Sep 2019 13:44:14 GMT" time="31.486" errors="0">
  <testcase name="totalLinks" time="31.486" classname="com.fca.prod.jeep.testCases.homePageTest"/>
</testsuite> <!-- com.fca.prod.jeep.testCases.homePageTest -->
